2022-02-21 21:26:40,452:INFO:Initializing load_model()
2022-02-21 21:26:40,453:INFO:load_model(model_name=/Users/ingridrye/Desktop/conversion_mci/results/best_blended_accuracy_top5, platform=None, authentication=None, verbose=True)
2022-02-21 21:26:47,804:INFO:Initializing predict_model()
2022-02-21 21:26:47,806:INFO:predict_model(estimator=Pipeline(steps=[('dtypes',
                 DataTypes_Auto_infer(features_todrop=['Subgroup_', 'fold_nb',
                                                       'Usage_'],
                                      ml_usecase='classification',
                                      target='Subgroup_num_')),
                ('imputer',
                 Simple_Imputer(categorical_strategy='not_available',
                                fill_value_categorical=None,
                                fill_value_numerical=None,
                                numeric_strategy='mean',
                                target_variable=None)),
                ('new_levels1',
                 New_Catagorical_Levels...
                                                                 random_state=1138)),
                                              ('Bagging_2',
                                               BaggingClassifier(base_estimator=LinearDiscriminantAnalysis(),
                                                                 random_state=1138)),
                                              ('Bagging_3',
                                               BaggingClassifier(base_estimator=AdaBoostClassifier(random_state=1138),
                                                                 random_state=1138)),
                                              ('Bagging_4',
                                               BaggingClassifier(base_estimator=LogisticRegression(max_iter=1000,
                                                                                                   random_state=1138),
                                                                 random_state=1138))],
                                  n_jobs=-1, voting='soft')]]), probability_threshold=None, encoded_labels=False, raw_score=False, round=4, verbose=True, ml_usecase=MLUsecase.CLASSIFICATION, display=None)
2022-02-21 21:26:47,806:INFO:Checking exceptions
2022-02-21 21:26:47,806:INFO:Preloading libraries
